<?xml version="1.0" encoding="UTF-8"?>
<persistence version="2.0"
             xmlns="http://java.sun.com/xml/ns/persistence"
             xmlns:xsi="http://www.w3.org/2001/XMLSchema-instance"
             xsi:schemaLocation="http://java.sun.com/xml/ns/persistence http://java.sun.com/xml/ns/persistence/persistence_2_0.xsd">
    <persistence-unit name="linkr-jpa">
        <jta-data-source>java:jboss/datasources/linkrDatabase</jta-data-source>
        <class>com.linkr.models.Credentials</class>
        <class>com.linkr.models.Employee</class>
        <class>com.linkr.models.Project</class>
        <class>com.linkr.models.Timesheet</class>
        <class>com.linkr.models.TimesheetRow</class>
        <class>com.linkr.models.WorkPackage</class>
        <class>com.linkr.models.ProjectEmployee</class>
        <class>com.linkr.models.ProjectWorkPackageEstimate</class>
        <class>com.linkr.models.WorkPackageEstimateCosts</class>

        <properties>
            <property name="hibernate.dialect" value="org.hibernate.dialect.MySQLInnoDBDialect"/>
            <property name="hibernate.hbm2ddl.auto" value="validate"/>
            <property name="hibernate.show_sql" value="false"/>
            <property name="hibernate.format_sql" value="true"/>
            <property name="hibernate.default_schema" value="PUBLIC"/>
        </properties>
    </persistence-unit>
</persistence>
